2021-08-18 14:23:35.669  INFO 9112 --- [restartedMain] c.m.books.BookspringApplication          : Starting BookspringApplication using Java 15.0.1 on DESKTOP-S6ULKJH with PID 9112 (C:\temp\spring\bookspring\target\classes started by mafae in C:\temp\spring\bookspring)
2021-08-18 14:23:35.671  INFO 9112 --- [restartedMain] c.m.books.BookspringApplication          : No active profile set, falling back to default profiles: default
2021-08-18 14:23:37.640  INFO 9112 --- [restartedMain] .s.d.r.c.RepositoryConfigurationDelegate : Bootstrapping Spring Data JPA repositories in DEFAULT mode.
2021-08-18 14:23:37.721  INFO 9112 --- [restartedMain] .s.d.r.c.RepositoryConfigurationDelegate : Finished Spring Data repository scanning in 79 ms. Found 2 JPA repository interfaces.
2021-08-18 14:23:38.206  INFO 9112 --- [restartedMain] o.s.b.w.embedded.tomcat.TomcatWebServer  : Tomcat initialized with port(s): 8080 (http)
2021-08-18 14:23:38.209  INFO 9112 --- [restartedMain] o.apache.catalina.core.StandardService   : Starting service [Tomcat]
2021-08-18 14:23:38.210  INFO 9112 --- [restartedMain] org.apache.catalina.core.StandardEngine  : Starting Servlet engine: [Apache Tomcat/9.0.50]
2021-08-18 14:23:38.328  INFO 9112 --- [restartedMain] o.a.c.c.C.[Tomcat].[localhost].[/]       : Initializing Spring embedded WebApplicationContext
2021-08-18 14:23:38.329  INFO 9112 --- [restartedMain] w.s.c.ServletWebServerApplicationContext : Root WebApplicationContext: initialization completed in 2648 ms
2021-08-18 14:23:38.476  INFO 9112 --- [restartedMain] com.zaxxer.hikari.HikariDataSource       : HikariPool-2 - Starting...
2021-08-18 14:23:38.483  INFO 9112 --- [restartedMain] com.zaxxer.hikari.HikariDataSource       : HikariPool-2 - Start completed.
2021-08-18 14:23:38.483  INFO 9112 --- [restartedMain] o.s.b.a.h2.H2ConsoleAutoConfiguration    : H2 console available at '/h2-console'. Database available at 'jdbc:h2:mem:06394729-c27e-42be-86c3-01f37cc7ce60'
2021-08-18 14:23:38.689  INFO 9112 --- [restartedMain] o.hibernate.jpa.internal.util.LogHelper  : HHH000204: Processing PersistenceUnitInfo [name: default]
2021-08-18 14:23:38.713  INFO 9112 --- [restartedMain] org.hibernate.dialect.Dialect            : HHH000400: Using dialect: org.hibernate.dialect.H2Dialect
2021-08-18 14:23:38.922  INFO 9112 --- [restartedMain] o.h.e.t.j.p.i.JtaPlatformInitiator       : HHH000490: Using JtaPlatform implementation: [org.hibernate.engine.transaction.jta.platform.internal.NoJtaPlatform]
2021-08-18 14:23:38.923  INFO 9112 --- [restartedMain] j.LocalContainerEntityManagerFactoryBean : Initialized JPA EntityManagerFactory for persistence unit 'default'
2021-08-18 14:23:39.707  WARN 9112 --- [restartedMain] JpaBaseConfiguration$JpaWebConfiguration : spring.jpa.open-in-view is enabled by default. Therefore, database queries may be performed during view rendering. Explicitly configure spring.jpa.open-in-view to disable this warning
2021-08-18 14:23:40.085  INFO 9112 --- [restartedMain] o.s.b.a.e.web.EndpointLinksResolver      : Exposing 14 endpoint(s) beneath base path '/actuator'
2021-08-18 14:23:40.369  INFO 9112 --- [restartedMain] o.s.b.d.a.OptionalLiveReloadServer       : LiveReload server is running on port 35729
2021-08-18 14:23:40.838  INFO 9112 --- [restartedMain] o.s.b.w.embedded.tomcat.TomcatWebServer  : Tomcat started on port(s): 8080 (http) with context path ''
2021-08-18 14:23:40.841  INFO 9112 --- [restartedMain] d.s.w.p.DocumentationPluginsBootstrapper : Context refreshed
2021-08-18 14:23:40.843  INFO 9112 --- [restartedMain] d.s.w.p.DocumentationPluginsBootstrapper : Found 1 custom documentation plugin(s)
2021-08-18 14:23:40.859  INFO 9112 --- [restartedMain] s.d.s.w.s.ApiListingReferenceScanner     : Scanning for api listing references
2021-08-18 14:23:41.123  INFO 9112 --- [restartedMain] .d.s.w.r.o.CachingOperationNameGenerator : Generating unique operation named: createUsingPOST_1
2021-08-18 14:23:41.145  INFO 9112 --- [restartedMain] .d.s.w.r.o.CachingOperationNameGenerator : Generating unique operation named: findUsingGET_1
2021-08-18 14:23:41.206  INFO 9112 --- [restartedMain] c.m.books.BookspringApplication          : Started BookspringApplication in 5.77 seconds (JVM running for 205.885)
2021-08-18 14:23:47.908  INFO 9112 --- [restartedMain] .ConditionEvaluationDeltaLoggingListener : Condition evaluation delta:


==========================
CONDITION EVALUATION DELTA
==========================


Positive matches:
-----------------

   LogFileWebEndpointAutoConfiguration#logFileWebEndpoint matched:
      - Log File found logging.file.name appfile.log (LogFileWebEndpointAutoConfiguration.LogFileCondition)
      - @ConditionalOnMissingBean (types: org.springframework.boot.actuate.logging.LogFileWebEndpoint; SearchStrategy: all) did not find any beans (OnBeanCondition)


Negative matches:
-----------------

    None


Exclusions:
-----------

    None


Unconditional classes:
----------------------

    None



2021-08-18 14:23:48.709  INFO 9112 --- [http-nio-8080-exec-1] o.a.c.c.C.[Tomcat].[localhost].[/]       : Initializing Spring DispatcherServlet 'dispatcherServlet'
2021-08-18 14:23:48.710  INFO 9112 --- [http-nio-8080-exec-1] o.s.web.servlet.DispatcherServlet        : Initializing Servlet 'dispatcherServlet'
2021-08-18 14:23:48.715  INFO 9112 --- [http-nio-8080-exec-1] o.s.web.servlet.DispatcherServlet        : Completed initialization in 4 ms
2021-08-18 14:33:02.967  INFO 9112 --- [Thread-7] j.LocalContainerEntityManagerFactoryBean : Closing JPA EntityManagerFactory for persistence unit 'default'
2021-08-18 14:33:02.969  INFO 9112 --- [Thread-7] .SchemaDropperImpl$DelayedDropActionImpl : HHH000477: Starting delayed evictData of schema as part of SessionFactory shut-down'
2021-08-18 14:33:03.194  WARN 9112 --- [Thread-7] o.s.b.f.support.DisposableBeanAdapter    : Invocation of destroy method failed on bean with name 'inMemoryDatabaseShutdownExecutor': org.h2.jdbc.JdbcSQLNonTransientConnectionException: Database is already closed (to disable automatic closing at VM shutdown, add ";DB_CLOSE_ON_EXIT=FALSE" to the db URL) [90121-200]
2021-08-18 14:33:03.197  INFO 9112 --- [Thread-7] com.zaxxer.hikari.HikariDataSource       : HikariPool-2 - Shutdown initiated...
2021-08-18 14:33:03.202  INFO 9112 --- [Thread-7] com.zaxxer.hikari.HikariDataSource       : HikariPool-2 - Shutdown completed.
2021-08-18 14:33:03.697  INFO 9112 --- [restartedMain] c.m.books.BookspringApplication          : Starting BookspringApplication using Java 15.0.1 on DESKTOP-S6ULKJH with PID 9112 (C:\temp\spring\bookspring\target\classes started by mafae in C:\temp\spring\bookspring)
2021-08-18 14:33:03.699  INFO 9112 --- [restartedMain] c.m.books.BookspringApplication          : No active profile set, falling back to default profiles: default
2021-08-18 14:33:05.606  INFO 9112 --- [restartedMain] .s.d.r.c.RepositoryConfigurationDelegate : Bootstrapping Spring Data JPA repositories in DEFAULT mode.
2021-08-18 14:33:05.688  INFO 9112 --- [restartedMain] .s.d.r.c.RepositoryConfigurationDelegate : Finished Spring Data repository scanning in 80 ms. Found 2 JPA repository interfaces.
2021-08-18 14:33:06.214  INFO 9112 --- [restartedMain] o.s.b.w.embedded.tomcat.TomcatWebServer  : Tomcat initialized with port(s): 8080 (http)
2021-08-18 14:33:06.220  INFO 9112 --- [restartedMain] o.apache.catalina.core.StandardService   : Starting service [Tomcat]
2021-08-18 14:33:06.223  INFO 9112 --- [restartedMain] org.apache.catalina.core.StandardEngine  : Starting Servlet engine: [Apache Tomcat/9.0.50]
2021-08-18 14:33:06.334  INFO 9112 --- [restartedMain] o.a.c.c.C.[Tomcat].[localhost].[/]       : Initializing Spring embedded WebApplicationContext
2021-08-18 14:33:06.335  INFO 9112 --- [restartedMain] w.s.c.ServletWebServerApplicationContext : Root WebApplicationContext: initialization completed in 2625 ms
2021-08-18 14:33:06.509  INFO 9112 --- [restartedMain] com.zaxxer.hikari.HikariDataSource       : HikariPool-3 - Starting...
2021-08-18 14:33:06.519  INFO 9112 --- [restartedMain] com.zaxxer.hikari.HikariDataSource       : HikariPool-3 - Start completed.
2021-08-18 14:33:06.522  INFO 9112 --- [restartedMain] o.s.b.a.h2.H2ConsoleAutoConfiguration    : H2 console available at '/h2-console'. Database available at 'jdbc:h2:mem:9554d9d7-b207-4a4d-9dae-ac4cc25e2d02'
2021-08-18 14:33:06.733  INFO 9112 --- [restartedMain] o.hibernate.jpa.internal.util.LogHelper  : HHH000204: Processing PersistenceUnitInfo [name: default]
2021-08-18 14:33:06.759  INFO 9112 --- [restartedMain] org.hibernate.dialect.Dialect            : HHH000400: Using dialect: org.hibernate.dialect.H2Dialect
2021-08-18 14:33:06.959  INFO 9112 --- [restartedMain] o.h.e.t.j.p.i.JtaPlatformInitiator       : HHH000490: Using JtaPlatform implementation: [org.hibernate.engine.transaction.jta.platform.internal.NoJtaPlatform]
2021-08-18 14:33:06.960  INFO 9112 --- [restartedMain] j.LocalContainerEntityManagerFactoryBean : Initialized JPA EntityManagerFactory for persistence unit 'default'
2021-08-18 14:33:07.883  WARN 9112 --- [restartedMain] JpaBaseConfiguration$JpaWebConfiguration : spring.jpa.open-in-view is enabled by default. Therefore, database queries may be performed during view rendering. Explicitly configure spring.jpa.open-in-view to disable this warning
2021-08-18 14:33:08.511  INFO 9112 --- [restartedMain] o.s.b.a.e.web.EndpointLinksResolver      : Exposing 14 endpoint(s) beneath base path '/actuator'
2021-08-18 14:33:08.840  INFO 9112 --- [restartedMain] o.s.b.d.a.OptionalLiveReloadServer       : LiveReload server is running on port 35729
2021-08-18 14:33:09.375  INFO 9112 --- [restartedMain] o.s.b.w.embedded.tomcat.TomcatWebServer  : Tomcat started on port(s): 8080 (http) with context path ''
2021-08-18 14:33:09.378  INFO 9112 --- [restartedMain] d.s.w.p.DocumentationPluginsBootstrapper : Context refreshed
2021-08-18 14:33:09.380  INFO 9112 --- [restartedMain] d.s.w.p.DocumentationPluginsBootstrapper : Found 1 custom documentation plugin(s)
2021-08-18 14:33:09.394  INFO 9112 --- [restartedMain] s.d.s.w.s.ApiListingReferenceScanner     : Scanning for api listing references
2021-08-18 14:33:09.766  INFO 9112 --- [restartedMain] .d.s.w.r.o.CachingOperationNameGenerator : Generating unique operation named: createUsingPOST_1
2021-08-18 14:33:09.790  INFO 9112 --- [restartedMain] .d.s.w.r.o.CachingOperationNameGenerator : Generating unique operation named: findUsingGET_1
2021-08-18 14:33:09.850  INFO 9112 --- [restartedMain] c.m.books.BookspringApplication          : Started BookspringApplication in 6.329 seconds (JVM running for 774.529)
2021-08-18 14:33:12.941  INFO 9112 --- [restartedMain] .ConditionEvaluationDeltaLoggingListener : Condition evaluation unchanged
2021-08-18 14:33:21.615  INFO 9112 --- [http-nio-8080-exec-1] o.a.c.c.C.[Tomcat].[localhost].[/]       : Initializing Spring DispatcherServlet 'dispatcherServlet'
2021-08-18 14:33:21.616  INFO 9112 --- [http-nio-8080-exec-1] o.s.web.servlet.DispatcherServlet        : Initializing Servlet 'dispatcherServlet'
2021-08-18 14:33:21.623  INFO 9112 --- [http-nio-8080-exec-1] o.s.web.servlet.DispatcherServlet        : Completed initialization in 5 ms
2021-08-18 14:37:53.298  INFO 9112 --- [http-nio-8080-exec-6] c.m.books.api.resource.BookController    : creating a book for isbn: string
2021-08-18 14:50:58.990  INFO 9112 --- [Thread-12] j.LocalContainerEntityManagerFactoryBean : Closing JPA EntityManagerFactory for persistence unit 'default'
2021-08-18 14:50:58.993  INFO 9112 --- [Thread-12] .SchemaDropperImpl$DelayedDropActionImpl : HHH000477: Starting delayed evictData of schema as part of SessionFactory shut-down'
2021-08-18 14:50:59.307  WARN 9112 --- [Thread-12] o.s.b.f.support.DisposableBeanAdapter    : Invocation of destroy method failed on bean with name 'inMemoryDatabaseShutdownExecutor': org.h2.jdbc.JdbcSQLNonTransientConnectionException: Database is already closed (to disable automatic closing at VM shutdown, add ";DB_CLOSE_ON_EXIT=FALSE" to the db URL) [90121-200]
2021-08-18 14:50:59.310  INFO 9112 --- [Thread-12] com.zaxxer.hikari.HikariDataSource       : HikariPool-3 - Shutdown initiated...
2021-08-18 14:50:59.330  INFO 9112 --- [Thread-12] com.zaxxer.hikari.HikariDataSource       : HikariPool-3 - Shutdown completed.
2021-08-18 14:51:09.547  INFO 9112 --- [restartedMain] c.m.books.BookspringApplication          : Starting BookspringApplication using Java 15.0.1 on DESKTOP-S6ULKJH with PID 9112 (C:\temp\spring\bookspring\target\classes started by mafae in C:\temp\spring\bookspring)
2021-08-18 14:51:09.548  INFO 9112 --- [restartedMain] c.m.books.BookspringApplication          : No active profile set, falling back to default profiles: default
2021-08-18 14:51:11.388  INFO 9112 --- [restartedMain] .s.d.r.c.RepositoryConfigurationDelegate : Bootstrapping Spring Data JPA repositories in DEFAULT mode.
2021-08-18 14:51:11.470  INFO 9112 --- [restartedMain] .s.d.r.c.RepositoryConfigurationDelegate : Finished Spring Data repository scanning in 80 ms. Found 2 JPA repository interfaces.
2021-08-18 14:51:11.943  INFO 9112 --- [restartedMain] o.s.b.w.embedded.tomcat.TomcatWebServer  : Tomcat initialized with port(s): 8080 (http)
2021-08-18 14:51:11.945  INFO 9112 --- [restartedMain] o.apache.catalina.core.StandardService   : Starting service [Tomcat]
2021-08-18 14:51:11.946  INFO 9112 --- [restartedMain] org.apache.catalina.core.StandardEngine  : Starting Servlet engine: [Apache Tomcat/9.0.50]
2021-08-18 14:51:12.038  INFO 9112 --- [restartedMain] o.a.c.c.C.[Tomcat-1].[localhost].[/]     : Initializing Spring embedded WebApplicationContext
2021-08-18 14:51:12.039  INFO 9112 --- [restartedMain] w.s.c.ServletWebServerApplicationContext : Root WebApplicationContext: initialization completed in 2483 ms
2021-08-18 14:51:12.176  INFO 9112 --- [restartedMain] com.zaxxer.hikari.HikariDataSource       : HikariPool-5 - Starting...
2021-08-18 14:51:12.181  INFO 9112 --- [restartedMain] com.zaxxer.hikari.HikariDataSource       : HikariPool-5 - Start completed.
2021-08-18 14:51:12.182  INFO 9112 --- [restartedMain] o.s.b.a.h2.H2ConsoleAutoConfiguration    : H2 console available at '/h2-console'. Database available at 'jdbc:h2:mem:9174a5c7-b061-4d3a-bbad-40a6a72ac14d'
2021-08-18 14:51:12.381  INFO 9112 --- [restartedMain] o.hibernate.jpa.internal.util.LogHelper  : HHH000204: Processing PersistenceUnitInfo [name: default]
2021-08-18 14:51:12.402  INFO 9112 --- [restartedMain] org.hibernate.dialect.Dialect            : HHH000400: Using dialect: org.hibernate.dialect.H2Dialect
2021-08-18 14:51:12.590  INFO 9112 --- [restartedMain] o.h.e.t.j.p.i.JtaPlatformInitiator       : HHH000490: Using JtaPlatform implementation: [org.hibernate.engine.transaction.jta.platform.internal.NoJtaPlatform]
2021-08-18 14:51:12.591  INFO 9112 --- [restartedMain] j.LocalContainerEntityManagerFactoryBean : Initialized JPA EntityManagerFactory for persistence unit 'default'
2021-08-18 14:51:13.353  WARN 9112 --- [restartedMain] JpaBaseConfiguration$JpaWebConfiguration : spring.jpa.open-in-view is enabled by default. Therefore, database queries may be performed during view rendering. Explicitly configure spring.jpa.open-in-view to disable this warning
2021-08-18 14:51:13.738  INFO 9112 --- [restartedMain] o.s.b.a.e.web.EndpointLinksResolver      : Exposing 14 endpoint(s) beneath base path '/actuator'
2021-08-18 14:51:14.106  INFO 9112 --- [restartedMain] o.s.b.d.a.OptionalLiveReloadServer       : LiveReload server is running on port 35729
2021-08-18 14:51:14.545  INFO 9112 --- [restartedMain] o.s.b.w.embedded.tomcat.TomcatWebServer  : Tomcat started on port(s): 8080 (http) with context path ''
2021-08-18 14:51:14.547  INFO 9112 --- [restartedMain] d.s.w.p.DocumentationPluginsBootstrapper : Context refreshed
2021-08-18 14:51:14.549  INFO 9112 --- [restartedMain] d.s.w.p.DocumentationPluginsBootstrapper : Found 1 custom documentation plugin(s)
2021-08-18 14:51:14.559  INFO 9112 --- [restartedMain] s.d.s.w.s.ApiListingReferenceScanner     : Scanning for api listing references
2021-08-18 14:51:14.811  INFO 9112 --- [restartedMain] .d.s.w.r.o.CachingOperationNameGenerator : Generating unique operation named: createUsingPOST_1
2021-08-18 14:51:14.828  INFO 9112 --- [restartedMain] .d.s.w.r.o.CachingOperationNameGenerator : Generating unique operation named: findUsingGET_1
2021-08-18 14:51:14.878  INFO 9112 --- [restartedMain] c.m.books.BookspringApplication          : Started BookspringApplication in 5.434 seconds (JVM running for 1859.557)
2021-08-18 14:51:17.071  INFO 9112 --- [RMI TCP Connection(47)-127.0.0.1] inMXBeanRegistrar$SpringApplicationAdmin : Application shutdown requested.
2021-08-18 14:51:17.126  INFO 9112 --- [RMI TCP Connection(47)-127.0.0.1] j.LocalContainerEntityManagerFactoryBean : Closing JPA EntityManagerFactory for persistence unit 'default'
2021-08-18 14:51:17.128  INFO 9112 --- [RMI TCP Connection(47)-127.0.0.1] .SchemaDropperImpl$DelayedDropActionImpl : HHH000477: Starting delayed evictData of schema as part of SessionFactory shut-down'
2021-08-18 14:51:17.334  WARN 9112 --- [RMI TCP Connection(47)-127.0.0.1] o.s.b.f.support.DisposableBeanAdapter    : Invocation of destroy method failed on bean with name 'inMemoryDatabaseShutdownExecutor': org.h2.jdbc.JdbcSQLNonTransientConnectionException: Database is already closed (to disable automatic closing at VM shutdown, add ";DB_CLOSE_ON_EXIT=FALSE" to the db URL) [90121-200]
2021-08-18 14:51:17.336  INFO 9112 --- [RMI TCP Connection(47)-127.0.0.1] com.zaxxer.hikari.HikariDataSource       : HikariPool-5 - Shutdown initiated...
2021-08-18 14:51:17.339  INFO 9112 --- [RMI TCP Connection(47)-127.0.0.1] com.zaxxer.hikari.HikariDataSource       : HikariPool-5 - Shutdown completed.
2021-08-18 14:54:15.829  INFO 8204 --- [restartedMain] c.m.books.BookspringApplication          : Starting BookspringApplication using Java 15.0.1 on DESKTOP-S6ULKJH with PID 8204 (C:\temp\spring\bookspring\target\classes started by mafae in C:\temp\spring\bookspring)
2021-08-18 14:54:15.840  INFO 8204 --- [restartedMain] c.m.books.BookspringApplication          : No active profile set, falling back to default profiles: default
2021-08-18 14:54:16.074  INFO 8204 --- [restartedMain] .e.DevToolsPropertyDefaultsPostProcessor : Devtools property defaults active! Set 'spring.devtools.add-properties' to 'false' to disable
2021-08-18 14:54:16.075  INFO 8204 --- [restartedMain] .e.DevToolsPropertyDefaultsPostProcessor : For additional web related logging consider setting the 'logging.level.web' property to 'DEBUG'
2021-08-18 14:54:21.778  INFO 8204 --- [restartedMain] .s.d.r.c.RepositoryConfigurationDelegate : Bootstrapping Spring Data JPA repositories in DEFAULT mode.
2021-08-18 14:54:22.110  INFO 8204 --- [restartedMain] .s.d.r.c.RepositoryConfigurationDelegate : Finished Spring Data repository scanning in 298 ms. Found 2 JPA repository interfaces.
2021-08-18 14:54:28.083  INFO 8204 --- [restartedMain] o.s.b.w.embedded.tomcat.TomcatWebServer  : Tomcat initialized with port(s): 8080 (http)
2021-08-18 14:54:28.234  INFO 8204 --- [restartedMain] o.apache.catalina.core.StandardService   : Starting service [Tomcat]
2021-08-18 14:54:28.236  INFO 8204 --- [restartedMain] org.apache.catalina.core.StandardEngine  : Starting Servlet engine: [Apache Tomcat/9.0.50]
2021-08-18 14:54:29.392  INFO 8204 --- [restartedMain] o.a.c.c.C.[Tomcat].[localhost].[/]       : Initializing Spring embedded WebApplicationContext
2021-08-18 14:54:29.394  INFO 8204 --- [restartedMain] w.s.c.ServletWebServerApplicationContext : Root WebApplicationContext: initialization completed in 13314 ms
2021-08-18 14:54:29.963  INFO 8204 --- [restartedMain] com.zaxxer.hikari.HikariDataSource       : HikariPool-1 - Starting...
2021-08-18 14:54:32.945  INFO 8204 --- [restartedMain] com.zaxxer.hikari.HikariDataSource       : HikariPool-1 - Start completed.
2021-08-18 14:54:32.974  INFO 8204 --- [restartedMain] o.s.b.a.h2.H2ConsoleAutoConfiguration    : H2 console available at '/h2-console'. Database available at 'jdbc:h2:mem:1283d03c-b305-4b0b-80e1-4dfe0007c8ad'
2021-08-18 14:54:35.491  INFO 8204 --- [restartedMain] o.hibernate.jpa.internal.util.LogHelper  : HHH000204: Processing PersistenceUnitInfo [name: default]
2021-08-18 14:54:39.844  INFO 8204 --- [restartedMain] org.hibernate.Version                    : HHH000412: Hibernate ORM core version 5.4.32.Final
2021-08-18 14:54:45.292  INFO 8204 --- [restartedMain] o.hibernate.annotations.common.Version   : HCANN000001: Hibernate Commons Annotations {5.1.2.Final}
2021-08-18 14:54:46.645  INFO 8204 --- [restartedMain] org.hibernate.dialect.Dialect            : HHH000400: Using dialect: org.hibernate.dialect.H2Dialect
2021-08-18 14:54:50.882  INFO 8204 --- [restartedMain] o.h.e.t.j.p.i.JtaPlatformInitiator       : HHH000490: Using JtaPlatform implementation: [org.hibernate.engine.transaction.jta.platform.internal.NoJtaPlatform]
2021-08-18 14:54:50.923  INFO 8204 --- [restartedMain] j.LocalContainerEntityManagerFactoryBean : Initialized JPA EntityManagerFactory for persistence unit 'default'
2021-08-18 14:54:54.383  WARN 8204 --- [restartedMain] JpaBaseConfiguration$JpaWebConfiguration : spring.jpa.open-in-view is enabled by default. Therefore, database queries may be performed during view rendering. Explicitly configure spring.jpa.open-in-view to disable this warning
2021-08-18 14:54:55.284  INFO 8204 --- [restartedMain] o.s.b.a.e.web.EndpointLinksResolver      : Exposing 14 endpoint(s) beneath base path '/actuator'
2021-08-18 14:54:56.061  INFO 8204 --- [restartedMain] o.s.b.d.a.OptionalLiveReloadServer       : LiveReload server is running on port 35729
2021-08-18 14:54:57.357  INFO 8204 --- [restartedMain] o.s.b.w.embedded.tomcat.TomcatWebServer  : Tomcat started on port(s): 8080 (http) with context path ''
2021-08-18 14:54:57.361  INFO 8204 --- [restartedMain] d.s.w.p.DocumentationPluginsBootstrapper : Context refreshed
2021-08-18 14:54:57.428  INFO 8204 --- [restartedMain] d.s.w.p.DocumentationPluginsBootstrapper : Found 1 custom documentation plugin(s)
2021-08-18 14:54:57.467  INFO 8204 --- [restartedMain] s.d.s.w.s.ApiListingReferenceScanner     : Scanning for api listing references
2021-08-18 14:54:58.272  INFO 8204 --- [restartedMain] .d.s.w.r.o.CachingOperationNameGenerator : Generating unique operation named: createUsingPOST_1
2021-08-18 14:54:58.303  INFO 8204 --- [restartedMain] .d.s.w.r.o.CachingOperationNameGenerator : Generating unique operation named: findUsingGET_1
2021-08-18 14:54:58.426  INFO 8204 --- [restartedMain] c.m.books.BookspringApplication          : Started BookspringApplication in 44.107 seconds (JVM running for 47.429)
2021-08-18 14:55:05.543  WARN 8204 --- [registrationTask1] d.c.b.a.c.r.ApplicationRegistrator       : Failed to register application as Application(name=spring-boot-application, managementUrl=http://DESKTOP-S6ULKJH:8080/actuator, healthUrl=http://DESKTOP-S6ULKJH:8080/actuator/health, serviceUrl=http://DESKTOP-S6ULKJH:8080/) at spring-boot-admin ([http://localhost:8081/instances]): I/O error on POST request for "http://localhost:8081/instances": Connection refused: no further information; nested exception is java.net.ConnectException: Connection refused: no further information. Further attempts are logged on DEBUG level
2021-08-18 14:56:38.838  INFO 8204 --- [Thread-4] j.LocalContainerEntityManagerFactoryBean : Closing JPA EntityManagerFactory for persistence unit 'default'
2021-08-18 14:56:38.840  INFO 8204 --- [Thread-4] .SchemaDropperImpl$DelayedDropActionImpl : HHH000477: Starting delayed evictData of schema as part of SessionFactory shut-down'
2021-08-18 14:56:39.240  WARN 8204 --- [Thread-4] o.s.b.f.support.DisposableBeanAdapter    : Invocation of destroy method failed on bean with name 'inMemoryDatabaseShutdownExecutor': org.h2.jdbc.JdbcSQLNonTransientConnectionException: Database is already closed (to disable automatic closing at VM shutdown, add ";DB_CLOSE_ON_EXIT=FALSE" to the db URL) [90121-200]
2021-08-18 14:56:39.244  INFO 8204 --- [Thread-4] com.zaxxer.hikari.HikariDataSource       : HikariPool-1 - Shutdown initiated...
2021-08-18 14:56:39.252  INFO 8204 --- [Thread-4] com.zaxxer.hikari.HikariDataSource       : HikariPool-1 - Shutdown completed.
2021-08-18 14:56:45.848  INFO 8204 --- [restartedMain] c.m.books.BookspringApplication          : Starting BookspringApplication using Java 15.0.1 on DESKTOP-S6ULKJH with PID 8204 (C:\temp\spring\bookspring\target\classes started by mafae in C:\temp\spring\bookspring)
2021-08-18 14:56:45.856  INFO 8204 --- [restartedMain] c.m.books.BookspringApplication          : No active profile set, falling back to default profiles: default
2021-08-18 14:56:48.415  INFO 8204 --- [restartedMain] .s.d.r.c.RepositoryConfigurationDelegate : Bootstrapping Spring Data JPA repositories in DEFAULT mode.
2021-08-18 14:56:48.552  INFO 8204 --- [restartedMain] .s.d.r.c.RepositoryConfigurationDelegate : Finished Spring Data repository scanning in 135 ms. Found 2 JPA repository interfaces.
2021-08-18 14:56:49.398  INFO 8204 --- [restartedMain] o.s.b.w.embedded.tomcat.TomcatWebServer  : Tomcat initialized with port(s): 8080 (http)
2021-08-18 14:56:49.406  INFO 8204 --- [restartedMain] o.apache.catalina.core.StandardService   : Starting service [Tomcat]
2021-08-18 14:56:49.407  INFO 8204 --- [restartedMain] org.apache.catalina.core.StandardEngine  : Starting Servlet engine: [Apache Tomcat/9.0.50]
2021-08-18 14:56:49.641  INFO 8204 --- [restartedMain] o.a.c.c.C.[Tomcat-1].[localhost].[/]     : Initializing Spring embedded WebApplicationContext
2021-08-18 14:56:49.642  INFO 8204 --- [restartedMain] w.s.c.ServletWebServerApplicationContext : Root WebApplicationContext: initialization completed in 3767 ms
2021-08-18 14:56:49.815  INFO 8204 --- [restartedMain] com.zaxxer.hikari.HikariDataSource       : HikariPool-3 - Starting...
2021-08-18 14:56:49.825  INFO 8204 --- [restartedMain] com.zaxxer.hikari.HikariDataSource       : HikariPool-3 - Start completed.
2021-08-18 14:56:49.826  INFO 8204 --- [restartedMain] o.s.b.a.h2.H2ConsoleAutoConfiguration    : H2 console available at '/h2-console'. Database available at 'jdbc:h2:mem:b468a35a-69d3-4a1f-9081-8f83fd36db54'
2021-08-18 14:56:50.047  INFO 8204 --- [restartedMain] o.hibernate.jpa.internal.util.LogHelper  : HHH000204: Processing PersistenceUnitInfo [name: default]
2021-08-18 14:56:50.071  INFO 8204 --- [restartedMain] org.hibernate.dialect.Dialect            : HHH000400: Using dialect: org.hibernate.dialect.H2Dialect
2021-08-18 14:56:50.291  INFO 8204 --- [restartedMain] o.h.e.t.j.p.i.JtaPlatformInitiator       : HHH000490: Using JtaPlatform implementation: [org.hibernate.engine.transaction.jta.platform.internal.NoJtaPlatform]
2021-08-18 14:56:50.292  INFO 8204 --- [restartedMain] j.LocalContainerEntityManagerFactoryBean : Initialized JPA EntityManagerFactory for persistence unit 'default'
2021-08-18 14:56:51.136  WARN 8204 --- [restartedMain] JpaBaseConfiguration$JpaWebConfiguration : spring.jpa.open-in-view is enabled by default. Therefore, database queries may be performed during view rendering. Explicitly configure spring.jpa.open-in-view to disable this warning
2021-08-18 14:56:51.527  INFO 8204 --- [restartedMain] o.s.b.a.e.web.EndpointLinksResolver      : Exposing 14 endpoint(s) beneath base path '/actuator'
2021-08-18 14:56:51.823  INFO 8204 --- [restartedMain] o.s.b.d.a.OptionalLiveReloadServer       : LiveReload server is running on port 35729
2021-08-18 14:56:52.302  INFO 8204 --- [restartedMain] o.s.b.w.embedded.tomcat.TomcatWebServer  : Tomcat started on port(s): 8080 (http) with context path ''
2021-08-18 14:56:52.304  INFO 8204 --- [restartedMain] d.s.w.p.DocumentationPluginsBootstrapper : Context refreshed
2021-08-18 14:56:52.307  INFO 8204 --- [restartedMain] d.s.w.p.DocumentationPluginsBootstrapper : Found 1 custom documentation plugin(s)
2021-08-18 14:56:52.322  INFO 8204 --- [restartedMain] s.d.s.w.s.ApiListingReferenceScanner     : Scanning for api listing references
2021-08-18 14:56:52.575  INFO 8204 --- [restartedMain] .d.s.w.r.o.CachingOperationNameGenerator : Generating unique operation named: createUsingPOST_1
2021-08-18 14:56:52.596  INFO 8204 --- [restartedMain] .d.s.w.r.o.CachingOperationNameGenerator : Generating unique operation named: findUsingGET_1
2021-08-18 14:56:52.645  INFO 8204 --- [restartedMain] c.m.books.BookspringApplication          : Started BookspringApplication in 6.981 seconds (JVM running for 161.648)
2021-08-18 14:56:57.179  INFO 8204 --- [restartedMain] .ConditionEvaluationDeltaLoggingListener : Condition evaluation unchanged
2021-08-18 14:56:59.193  WARN 8204 --- [registrationTask1] d.c.b.a.c.r.ApplicationRegistrator       : Failed to register application as Application(name=spring-boot-application, managementUrl=http://DESKTOP-S6ULKJH:8080/actuator, healthUrl=http://DESKTOP-S6ULKJH:8080/actuator/health, serviceUrl=http://DESKTOP-S6ULKJH:8080/) at spring-boot-admin ([http://localhost:8081/instances]): I/O error on POST request for "http://localhost:8081/instances": Connection refused: no further information; nested exception is java.net.ConnectException: Connection refused: no further information. Further attempts are logged on DEBUG level
2021-08-18 15:03:23.716  INFO 8204 --- [Thread-7] j.LocalContainerEntityManagerFactoryBean : Closing JPA EntityManagerFactory for persistence unit 'default'
2021-08-18 15:03:23.717  INFO 8204 --- [Thread-7] .SchemaDropperImpl$DelayedDropActionImpl : HHH000477: Starting delayed evictData of schema as part of SessionFactory shut-down'
2021-08-18 15:03:23.925  WARN 8204 --- [Thread-7] o.s.b.f.support.DisposableBeanAdapter    : Invocation of destroy method failed on bean with name 'inMemoryDatabaseShutdownExecutor': org.h2.jdbc.JdbcSQLNonTransientConnectionException: Database is already closed (to disable automatic closing at VM shutdown, add ";DB_CLOSE_ON_EXIT=FALSE" to the db URL) [90121-200]
2021-08-18 15:03:23.927  INFO 8204 --- [Thread-7] com.zaxxer.hikari.HikariDataSource       : HikariPool-3 - Shutdown initiated...
2021-08-18 15:03:23.930  INFO 8204 --- [Thread-7] com.zaxxer.hikari.HikariDataSource       : HikariPool-3 - Shutdown completed.
2021-08-18 15:03:24.254  INFO 8204 --- [restartedMain] c.m.books.BookspringApplication          : Starting BookspringApplication using Java 15.0.1 on DESKTOP-S6ULKJH with PID 8204 (C:\temp\spring\bookspring\target\classes started by mafae in C:\temp\spring\bookspring)
2021-08-18 15:03:24.255  INFO 8204 --- [restartedMain] c.m.books.BookspringApplication          : No active profile set, falling back to default profiles: default
2021-08-18 15:03:26.113  INFO 8204 --- [restartedMain] .s.d.r.c.RepositoryConfigurationDelegate : Bootstrapping Spring Data JPA repositories in DEFAULT mode.
2021-08-18 15:03:26.192  INFO 8204 --- [restartedMain] .s.d.r.c.RepositoryConfigurationDelegate : Finished Spring Data repository scanning in 78 ms. Found 2 JPA repository interfaces.
2021-08-18 15:03:26.652  INFO 8204 --- [restartedMain] o.s.b.w.embedded.tomcat.TomcatWebServer  : Tomcat initialized with port(s): 8080 (http)
2021-08-18 15:03:26.654  INFO 8204 --- [restartedMain] o.apache.catalina.core.StandardService   : Starting service [Tomcat]
2021-08-18 15:03:26.655  INFO 8204 --- [restartedMain] org.apache.catalina.core.StandardEngine  : Starting Servlet engine: [Apache Tomcat/9.0.50]
2021-08-18 15:03:26.768  INFO 8204 --- [restartedMain] o.a.c.c.C.[Tomcat-1].[localhost].[/]     : Initializing Spring embedded WebApplicationContext
2021-08-18 15:03:26.769  INFO 8204 --- [restartedMain] w.s.c.ServletWebServerApplicationContext : Root WebApplicationContext: initialization completed in 2505 ms
2021-08-18 15:03:26.902  INFO 8204 --- [restartedMain] com.zaxxer.hikari.HikariDataSource       : HikariPool-4 - Starting...
2021-08-18 15:03:26.908  INFO 8204 --- [restartedMain] com.zaxxer.hikari.HikariDataSource       : HikariPool-4 - Start completed.
2021-08-18 15:03:26.909  INFO 8204 --- [restartedMain] o.s.b.a.h2.H2ConsoleAutoConfiguration    : H2 console available at '/h2-console'. Database available at 'jdbc:h2:mem:dc3d8285-fbf8-4cbd-9009-aa9ab4e9db38'
2021-08-18 15:03:27.122  INFO 8204 --- [restartedMain] o.hibernate.jpa.internal.util.LogHelper  : HHH000204: Processing PersistenceUnitInfo [name: default]
2021-08-18 15:03:27.144  INFO 8204 --- [restartedMain] org.hibernate.dialect.Dialect            : HHH000400: Using dialect: org.hibernate.dialect.H2Dialect
2021-08-18 15:03:27.337  INFO 8204 --- [restartedMain] o.h.e.t.j.p.i.JtaPlatformInitiator       : HHH000490: Using JtaPlatform implementation: [org.hibernate.engine.transaction.jta.platform.internal.NoJtaPlatform]
2021-08-18 15:03:27.339  INFO 8204 --- [restartedMain] j.LocalContainerEntityManagerFactoryBean : Initialized JPA EntityManagerFactory for persistence unit 'default'
2021-08-18 15:03:28.162  WARN 8204 --- [restartedMain] JpaBaseConfiguration$JpaWebConfiguration : spring.jpa.open-in-view is enabled by default. Therefore, database queries may be performed during view rendering. Explicitly configure spring.jpa.open-in-view to disable this warning
2021-08-18 15:03:28.497  INFO 8204 --- [restartedMain] o.s.b.a.e.web.EndpointLinksResolver      : Exposing 14 endpoint(s) beneath base path '/actuator'
2021-08-18 15:03:28.776  INFO 8204 --- [restartedMain] o.s.b.d.a.OptionalLiveReloadServer       : LiveReload server is running on port 35729
2021-08-18 15:03:29.253  INFO 8204 --- [restartedMain] o.s.b.w.embedded.tomcat.TomcatWebServer  : Tomcat started on port(s): 8080 (http) with context path ''
2021-08-18 15:03:29.259  INFO 8204 --- [restartedMain] d.s.w.p.DocumentationPluginsBootstrapper : Context refreshed
2021-08-18 15:03:29.261  INFO 8204 --- [restartedMain] d.s.w.p.DocumentationPluginsBootstrapper : Found 1 custom documentation plugin(s)
2021-08-18 15:03:29.288  INFO 8204 --- [restartedMain] s.d.s.w.s.ApiListingReferenceScanner     : Scanning for api listing references
2021-08-18 15:03:29.514  INFO 8204 --- [restartedMain] .d.s.w.r.o.CachingOperationNameGenerator : Generating unique operation named: createUsingPOST_1
2021-08-18 15:03:29.536  INFO 8204 --- [restartedMain] .d.s.w.r.o.CachingOperationNameGenerator : Generating unique operation named: findUsingGET_1
2021-08-18 15:03:29.585  INFO 8204 --- [restartedMain] c.m.books.BookspringApplication          : Started BookspringApplication in 5.447 seconds (JVM running for 558.588)
2021-08-18 15:03:35.140  INFO 8204 --- [restartedMain] .ConditionEvaluationDeltaLoggingListener : Condition evaluation unchanged
2021-08-18 15:03:35.164  WARN 8204 --- [registrationTask1] d.c.b.a.c.r.ApplicationRegistrator       : Failed to register application as Application(name=spring-boot-application, managementUrl=http://DESKTOP-S6ULKJH:8080/actuator, healthUrl=http://DESKTOP-S6ULKJH:8080/actuator/health, serviceUrl=http://DESKTOP-S6ULKJH:8080/) at spring-boot-admin ([http://localhost:8081//instances]): 404 : [{"timestamp":"2021-08-18T18:03:35.159+00:00","status":404,"error":"Not Found","path":"/instances"}]. Further attempts are logged on DEBUG level
2021-08-18 15:04:42.089  INFO 8204 --- [http-nio-8080-exec-1] o.a.c.c.C.[Tomcat-1].[localhost].[/]     : Initializing Spring DispatcherServlet 'dispatcherServlet'
2021-08-18 15:04:42.090  INFO 8204 --- [http-nio-8080-exec-1] o.s.web.servlet.DispatcherServlet        : Initializing Servlet 'dispatcherServlet'
2021-08-18 15:04:42.095  INFO 8204 --- [http-nio-8080-exec-1] o.s.web.servlet.DispatcherServlet        : Completed initialization in 5 ms
2021-08-18 15:10:56.492  INFO 8204 --- [registrationTask1] d.c.b.a.c.r.ApplicationRegistrator       : Application registered itself as fef889a668e1
2021-08-18 15:22:17.173  WARN 8204 --- [registrationTask1] d.c.b.a.c.r.ApplicationRegistrator       : Failed to register application as Application(name=spring-boot-application, managementUrl=http://DESKTOP-S6ULKJH:8080/actuator, healthUrl=http://DESKTOP-S6ULKJH:8080/actuator/health, serviceUrl=http://DESKTOP-S6ULKJH:8080/) at spring-boot-admin ([http://localhost:8081//instances]): I/O error on POST request for "http://localhost:8081/instances": Connection refused: no further information; nested exception is java.net.ConnectException: Connection refused: no further information. Further attempts are logged on DEBUG level
2021-08-18 15:23:46.842  INFO 8204 --- [RMI TCP Connection(51)-127.0.0.1] inMXBeanRegistrar$SpringApplicationAdmin : Application shutdown requested.
2021-08-18 15:23:46.965  INFO 8204 --- [RMI TCP Connection(51)-127.0.0.1] j.LocalContainerEntityManagerFactoryBean : Closing JPA EntityManagerFactory for persistence unit 'default'
2021-08-18 15:23:47.007  INFO 8204 --- [RMI TCP Connection(51)-127.0.0.1] .SchemaDropperImpl$DelayedDropActionImpl : HHH000477: Starting delayed evictData of schema as part of SessionFactory shut-down'
2021-08-18 15:23:47.230  WARN 8204 --- [RMI TCP Connection(51)-127.0.0.1] o.s.b.f.support.DisposableBeanAdapter    : Invocation of destroy method failed on bean with name 'inMemoryDatabaseShutdownExecutor': org.h2.jdbc.JdbcSQLNonTransientConnectionException: Database is already closed (to disable automatic closing at VM shutdown, add ";DB_CLOSE_ON_EXIT=FALSE" to the db URL) [90121-200]
2021-08-18 15:23:47.233  INFO 8204 --- [RMI TCP Connection(51)-127.0.0.1] com.zaxxer.hikari.HikariDataSource       : HikariPool-4 - Shutdown initiated...
2021-08-18 15:23:47.237  INFO 8204 --- [RMI TCP Connection(51)-127.0.0.1] com.zaxxer.hikari.HikariDataSource       : HikariPool-4 - Shutdown completed.
